# JRE version: OpenJDK Runtime Environment (11.0.21+9) (build 11.0.21+9-post-Ubuntu-0ubuntu122.04)
# Java VM: OpenJDK 64-Bit Server VM (11.0.21+9-post-Ubuntu-0ubuntu122.04, mixed mode, sharing, tiered, compressed oops, g1 gc, linux-amd64)
Heap:
 garbage-first heap   total 104448K, used 84074K [0x00000000c0000000, 0x0000000100000000)
  region size 1024K, 54 young (55296K), 1 survivors (1024K)
 Metaspace       used 55089K, capacity 58104K, committed 58368K, reserved 1099776K
  class space    used 7188K, capacity 8674K, committed 8704K, reserved 1048576K
GC Heap History (20 events):
Event: 77.256 GC heap after
{Heap after GC invocations=13 (full 0):
 garbage-first heap   total 104448K, used 25525K [0x00000000c0000000, 0x0000000100000000)
  region size 1024K, 1 young (1024K), 1 survivors (1024K)
 Metaspace       used 48410K, capacity 50584K, committed 50944K, reserved 1093632K
  class space    used 6043K, capacity 7044K, committed 7168K, reserved 1048576K
}
Event: 77.870 GC heap before
{Heap before GC invocations=13 (full 0):
 garbage-first heap   total 104448K, used 74677K [0x00000000c0000000, 0x0000000100000000)
  region size 1024K, 49 young (50176K), 1 survivors (1024K)
 Metaspace       used 49433K, capacity 51753K, committed 51840K, reserved 1093632K
  class space    used 6190K, capacity 7258K, committed 7296K, reserved 1048576K
}
Event: 77.876 GC heap after
{Heap after GC invocations=14 (full 0):
 garbage-first heap   total 104448K, used 25676K [0x00000000c0000000, 0x0000000100000000)
  region size 1024K, 1 young (1024K), 1 survivors (1024K)
 Metaspace       used 49433K, capacity 51753K, committed 51840K, reserved 1093632K
  class space    used 6190K, capacity 7258K, committed 7296K, reserved 1048576K
}
Event: 78.197 GC heap before
{Heap before GC invocations=14 (full 0):
 garbage-first heap   total 104448K, used 75852K [0x00000000c0000000, 0x0000000100000000)
  region size 1024K, 50 young (51200K), 1 survivors (1024K)
 Metaspace       used 49868K, capacity 52186K, committed 52480K, reserved 1093632K
  class space    used 6255K, capacity 7350K, committed 7424K, reserved 1048576K
}
Event: 78.205 GC heap after
{Heap after GC invocations=15 (full 0):
 garbage-first heap   total 104448K, used 25750K [0x00000000c0000000, 0x0000000100000000)
  region size 1024K, 1 young (1024K), 1 survivors (1024K)
 Metaspace       used 49868K, capacity 52186K, committed 52480K, reserved 1093632K
  class space    used 6255K, capacity 7350K, committed 7424K, reserved 1048576K
}
Event: 78.499 GC heap before
{Heap before GC invocations=15 (full 0):
 garbage-first heap   total 104448K, used 76950K [0x00000000c0000000, 0x0000000100000000)
  region size 1024K, 52 young (53248K), 1 survivors (1024K)
 Metaspace       used 51058K, capacity 53519K, committed 53760K, reserved 1095680K
  class space    used 6481K, capacity 7677K, committed 7680K, reserved 1048576K
}
Event: 78.507 GC heap after
{Heap after GC invocations=16 (full 0):
 garbage-first heap   total 104448K, used 25977K [0x00000000c0000000, 0x0000000100000000)
  region size 1024K, 1 young (1024K), 1 survivors (1024K)
 Metaspace       used 51058K, capacity 53519K, committed 53760K, reserved 1095680K
  class space    used 6481K, capacity 7677K, committed 7680K, reserved 1048576K
}
Event: 78.766 GC heap before
{Heap before GC invocations=16 (full 0):
 garbage-first heap   total 104448K, used 79225K [0x00000000c0000000, 0x0000000100000000)
  region size 1024K, 53 young (54272K), 1 survivors (1024K)
 Metaspace       used 51532K, capacity 54008K, committed 54144K, reserved 1095680K
  class space    used 6543K, capacity 7739K, committed 7808K, reserved 1048576K
}
Event: 78.779 GC heap after
{Heap after GC invocations=17 (full 0):
 garbage-first heap   total 104448K, used 26215K [0x00000000c0000000, 0x0000000100000000)
  region size 1024K, 2 young (2048K), 2 survivors (2048K)
 Metaspace       used 51532K, capacity 54008K, committed 54144K, reserved 1095680K
  class space    used 6543K, capacity 7739K, committed 7808K, reserved 1048576K
}
Event: 79.534 GC heap before
{Heap before GC invocations=17 (full 0):
 garbage-first heap   total 104448K, used 78439K [0x00000000c0000000, 0x0000000100000000)
  region size 1024K, 54 young (55296K), 2 survivors (2048K)
 Metaspace       used 53401K, capacity 56230K, committed 56448K, reserved 1097728K
  class space    used 6842K, capacity 8203K, committed 8320K, reserved 1048576K
}
Event: 79.593 GC heap after
{Heap after GC invocations=18 (full 0):
 garbage-first heap   total 104448K, used 30054K [0x00000000c0000000, 0x0000000100000000)
  region size 1024K, 5 young (5120K), 5 survivors (5120K)
 Metaspace       used 53401K, capacity 56230K, committed 56448K, reserved 1097728K
  class space    used 6842K, capacity 8203K, committed 8320K, reserved 1048576K
}
Event: 79.875 GC heap before
{Heap before GC invocations=18 (full 0):
 garbage-first heap   total 104448K, used 81254K [0x00000000c0000000, 0x0000000100000000)
  region size 1024K, 55 young (56320K), 5 survivors (5120K)
 Metaspace       used 53873K, capacity 56818K, committed 57088K, reserved 1097728K
  class space    used 6973K, capacity 8407K, committed 8448K, reserved 1048576K
}
Event: 79.891 GC heap after
{Heap after GC invocations=19 (full 0):
 garbage-first heap   total 104448K, used 29495K [0x00000000c0000000, 0x0000000100000000)
  region size 1024K, 1 young (1024K), 1 survivors (1024K)
 Metaspace       used 53873K, capacity 56818K, committed 57088K, reserved 1097728K
  class space    used 6973K, capacity 8407K, committed 8448K, reserved 1048576K
}
Event: 80.072 GC heap before
{Heap before GC invocations=19 (full 0):
 garbage-first heap   total 104448K, used 81719K [0x00000000c0000000, 0x0000000100000000)
  region size 1024K, 52 young (53248K), 1 survivors (1024K)
 Metaspace       used 53929K, capacity 56840K, committed 57088K, reserved 1097728K
  class space    used 6984K, capacity 8415K, committed 8448K, reserved 1048576K
}
Event: 80.078 GC heap after
{Heap after GC invocations=20 (full 0):
 garbage-first heap   total 104448K, used 29262K [0x00000000c0000000, 0x0000000100000000)
  region size 1024K, 1 young (1024K), 1 survivors (1024K)
 Metaspace       used 53929K, capacity 56840K, committed 57088K, reserved 1097728K
  class space    used 6984K, capacity 8415K, committed 8448K, reserved 1048576K
}
Event: 80.395 GC heap before
{Heap before GC invocations=20 (full 0):
 garbage-first heap   total 104448K, used 82510K [0x00000000c0000000, 0x0000000100000000)
  region size 1024K, 53 young (54272K), 1 survivors (1024K)
 Metaspace       used 54379K, capacity 57352K, committed 57472K, reserved 1097728K
  class space    used 7067K, capacity 8545K, committed 8576K, reserved 1048576K
}
Event: 80.400 GC heap after
{Heap after GC invocations=21 (full 0):
 garbage-first heap   total 104448K, used 29671K [0x00000000c0000000, 0x0000000100000000)
  region size 1024K, 1 young (1024K), 1 survivors (1024K)
 Metaspace       used 54379K, capacity 57352K, committed 57472K, reserved 1097728K
  class space    used 7067K, capacity 8545K, committed 8576K, reserved 1048576K
}
Event: 80.682 GC heap before
{Heap before GC invocations=21 (full 0):
 garbage-first heap   total 104448K, used 82919K [0x00000000c0000000, 0x0000000100000000)
  region size 1024K, 53 young (54272K), 1 survivors (1024K)
 Metaspace       used 55008K, capacity 58029K, committed 58112K, reserved 1099776K
  class space    used 7181K, capacity 8671K, committed 8704K, reserved 1048576K
}
Event: 80.686 GC heap after
{Heap after GC invocations=22 (full 0):
 garbage-first heap   total 104448K, used 29802K [0x00000000c0000000, 0x0000000100000000)
  region size 1024K, 1 young (1024K), 1 survivors (1024K)
 Metaspace       used 55008K, capacity 58029K, committed 58112K, reserved 1099776K
  class space    used 7181K, capacity 8671K, committed 8704K, reserved 1048576K
}
Event: 100.358 GC heap before
{Heap before GC invocations=22 (full 0):
 garbage-first heap   total 104448K, used 84074K [0x00000000c0000000, 0x0000000100000000)
  region size 1024K, 54 young (55296K), 1 survivors (1024K)
 Metaspace       used 55089K, capacity 58104K, committed 58368K, reserved 1099776K
  class space    used 7188K, capacity 8674K, committed 8704K, reserved 1048576K
}

