<?xml version='1.0' encoding='UTF-8'?>
<testsuite hostname="ben-VirtualBox" name="rv32isc.MemInstTest" tests="1" errors="0" failures="1" skipped="0" time="8.587" timestamp="2023-11-03T01:45:09">
          <properties>
[...]
</properties>
          <testcase classname="rv32isc.MemInstTest" name="MemInst should pass" time="8.587">
                      <failure message="io_inst=0 (0x0) did not equal expected=1697647819 (0x65300ccb) (lines in MemInstTest.scala: 33, 31, 40, 45, 44)" type="org.scalatest.exceptions.TestFailedException">org.scalatest.exceptions.TestFailedException: io_inst=0 (0x0) did not equal expected=1697647819 (0x65300ccb) (lines in MemInstTest.scala: 33, 31, 40, 45, 44)
	at chiseltest.internal.TestEnvInterface.signalExpectFailure(TestEnvInterface.scala:58)
	at chiseltest.internal.TestEnvInterface.signalExpectFailure$(TestEnvInterface.scala:45)
	at rv32isc.MemInstTest.signalExpectFailure(MemInstTest.scala:40)
	at chiseltest.package$Utils$.expectFailed(package.scala:505)
	at chiseltest.package$Utils$.expectBits(package.scala:496)
	at chiseltest.package$testableUInt.expectInternal(package.scala:55)
	at chiseltest.package$testableUInt.expect(package.scala:57)
	at rv32isc.MemInstTestFunc.$anonfun$testFn$1(MemInstTest.scala:35)
	at scala.collection.immutable.Range.foreach$mVc$sp(Range.scala:190)
	at rv32isc.MemInstTestFunc.testFn(MemInstTest.scala:33)
	at rv32isc.MemInstTestFunc.testFn$(MemInstTest.scala:31)
	at rv32isc.MemInstTest.testFn(MemInstTest.scala:40)
	at rv32isc.MemInstTest.$anonfun$new$3(MemInstTest.scala:45)
	at rv32isc.MemInstTest.$anonfun$new$3$adapted(MemInstTest.scala:44)
	at chiseltest.internal.GenericBackend.$anonfun$run$1(GenericBackend.scala:151)
	at chiseltest.internal.ThreadedBackend$TesterThread$$anon$1.$anonfun$run$1(ThreadedBackend.scala:495)
	at chiseltest.internal.GenericBackend.doTimescope(GenericBackend.scala:96)
	at chiseltest.internal.ThreadedBackend$TesterThread$$anon$1.run(ThreadedBackend.scala:495)
	at java.base/java.lang.Thread.run(Thread.java:829)
Caused by: chiseltest.internal.FailedExpectException: io_inst=0 (0x0) did not equal expected=1697647819 (0x65300ccb) (lines in MemInstTest.scala: 33, 31, 40, 45, 44)
	... 19 more
</failure>
                    </testcase>
          <system-out><![CDATA[]]></system-out>
          <system-err><![CDATA[]]></system-err>
        </testsuite>