<?xml version='1.0' encoding='UTF-8'?>
<testsuite hostname="ben-VirtualBox" name="rv32isc.TopTest" tests="2" errors="0" failures="0" skipped="0" time="8.732" timestamp="2024-01-24T20:49:06">
          <properties>
[...]
</properties>
          <testcase classname="rv32isc.TopTest" name="Top should pass" time="7.175">
                      
                    </testcase><testcase classname="rv32isc.TopTest" name="Top should wave" time="1.557">
                      
                    </testcase>
          <system-out><![CDATA[]]></system-out>
          <system-err><![CDATA[]]></system-err>
        </testsuite>