[0m[[0m[0mdebug[0m] [0m[0mRunning TaskDef(rv32isc.TopTest, org.scalatest.tools.Framework$$anon$1@2bd19bc0, false, [SuiteSelector])[0m
[0m[[0m[0mdebug[0m] [0m[0mRunning TaskDef(rv32isc.RegistersTest, org.scalatest.tools.Framework$$anon$1@2bd19bc0, false, [SuiteSelector])[0m
[0m[[0m[0mdebug[0m] [0m[0mRunning TaskDef(rv32isc.MemInstTest, org.scalatest.tools.Framework$$anon$1@2bd19bc0, false, [SuiteSelector])[0m
[0m[[0m[0mdebug[0m] [0m[0mRunning TaskDef(rv32isc.MemDataTest, org.scalatest.tools.Framework$$anon$1@2bd19bc0, false, [SuiteSelector])[0m
[0m[[0m[0mdebug[0m] [0m[0mRunning TaskDef(rv32isc.DecoderTest, org.scalatest.tools.Framework$$anon$1@2bd19bc0, false, [SuiteSelector])[0m
[0m[[0m[0mdebug[0m] [0m[0mRunning TaskDef(rv32isc.AluTest, org.scalatest.tools.Framework$$anon$1@2bd19bc0, false, [SuiteSelector])[0m
[0m[[0m[0mdebug[0m] [0m[0mRunning TaskDef(rv32isc.PCRegTest, org.scalatest.tools.Framework$$anon$1@2bd19bc0, false, [SuiteSelector])[0m
[0m[[0m[0minfo[0m] [0m[0m[32mDecoderTest:[0m[0m
[0m[[0m[0minfo[0m] [0m[0m[32mDecoder[0m[0m
[0m[[0m[0minfo[0m] [0m[0m[32m- should pass[0m[0m
[0m[[0m[0minfo[0m] [0m[0m[32mPCRegTest:[0m[0m
[0m[[0m[0minfo[0m] [0m[0m[32mPCReg[0m[0m
[0m[[0m[0minfo[0m] [0m[0m[32m- should pass[0m[0m
[0m[[0m[0minfo[0m] [0m[0m[32mMemInstTest:[0m[0m
[0m[[0m[0minfo[0m] [0m[0m[32mMemInst[0m[0m
[0m[[0m[0minfo[0m] [0m[0m[31m- should pass *** FAILED ***[0m[0m
[0m[[0m[0minfo[0m] [0m[0m[31m  io_inst=0 (0x0) did not equal expected=1697647819 (0x65300ccb) (lines in MemInstTest.scala: 33, 31, 40, 45, 44) (MemInstTest.scala:35)[0m[0m
[0m[[0m[0minfo[0m] [0m[0m[32mTopTest:[0m[0m
[0m[[0m[0minfo[0m] [0m[0m[32mTop[0m[0m
[0m[[0m[0minfo[0m] [0m[0m[32m- should pass[0m[0m
[0m[[0m[0minfo[0m] [0m[0m[32mRegistersTest:[0m[0m
[0m[[0m[0minfo[0m] [0m[0m[32mRegisters[0m[0m
[0m[[0m[0minfo[0m] [0m[0m[32m- should pass[0m[0m
[0m[[0m[0minfo[0m] [0m[0m[32mAluTest:[0m[0m
[0m[[0m[0minfo[0m] [0m[0m[32mALU[0m[0m
[0m[[0m[0minfo[0m] [0m[0m[32m- should pass[0m[0m
[0m[[0m[0minfo[0m] [0m[0m[32mMemDataTest:[0m[0m
[0m[[0m[0minfo[0m] [0m[0m[32mMemData[0m[0m
[0m[[0m[0minfo[0m] [0m[0m[32m- should pass[0m[0m
[0m[[0m[0minfo[0m] [0m[0m[36mRun completed in 9 seconds, 705 milliseconds.[0m[0m
[0m[[0m[0minfo[0m] [0m[0m[36mTotal number of tests run: 7[0m[0m
[0m[[0m[0minfo[0m] [0m[0m[36mSuites: completed 7, aborted 0[0m[0m
[0m[[0m[0minfo[0m] [0m[0m[36mTests: succeeded 6, failed 1, canceled 0, ignored 0, pending 0[0m[0m
[0m[[0m[0minfo[0m] [0m[0m[31m*** 1 TEST FAILED ***[0m[0m
[0m[[0m[0mdebug[0m] [0m[0mPassed tests:[0m
[0m[[0m[0mdebug[0m] [0m[0m	rv32isc.MemDataTest[0m
[0m[[0m[0mdebug[0m] [0m[0m	rv32isc.RegistersTest[0m
[0m[[0m[0mdebug[0m] [0m[0m	rv32isc.DecoderTest[0m
[0m[[0m[0mdebug[0m] [0m[0m	rv32isc.AluTest[0m
[0m[[0m[0mdebug[0m] [0m[0m	rv32isc.TopTest[0m
[0m[[0m[0mdebug[0m] [0m[0m	rv32isc.PCRegTest[0m
[0m[[0m[31merror[0m] [0m[0mFailed tests:[0m
[0m[[0m[31merror[0m] [0m[0m	rv32isc.MemInstTest[0m
[0m[[0m[31merror[0m] [0m[0m(Test / [31mtest[0m) sbt.TestsFailedException: Tests unsuccessful[0m
